# JRE version: OpenJDK Runtime Environment Temurin-17.0.9+9 (17.0.9+9) (build 17.0.9+9)
# Java VM: OpenJDK 64-Bit Server VM Temurin-17.0.9+9 (17.0.9+9, mixed mode, tiered, compressed oops, compressed class ptrs, parallel gc, windows-amd64)
GC Precious Log:
 CPUs: 8 total, 8 available
 Memory: 65370M
 Large Page Support: Disabled
 NUMA Support: Disabled
 Compressed Oops: Enabled (32-bit)
 Alignments: Space 512K, Generation 512K, Heap 2M
 Heap Min Capacity: 100M
 Heap Initial Capacity: 100M
 Heap Max Capacity: 1G
 Pre-touch: Disabled
 Parallel Workers: 8
Heap:
 PSYoungGen      total 29184K, used 28955K [0x00000000eab00000, 0x00000000ecd00000, 0x0000000100000000)
  eden space 24064K, 100% used [0x00000000eab00000,0x00000000ec280000,0x00000000ec280000)
  from space 5120K, 95% used [0x00000000ec800000,0x00000000eccc6e00,0x00000000ecd00000)
  to   space 5120K, 99% used [0x00000000ec300000,0x00000000ec7fd0d8,0x00000000ec800000)
 ParOldGen       total 245248K, used 162267K [0x00000000c0000000, 0x00000000cef80000, 0x00000000eab00000)
  object space 245248K, 66% used [0x00000000c0000000,0x00000000c9e76e30,0x00000000cef80000)
 Metaspace       used 66965K, committed 68160K, reserved 1114112K
  class space    used 7067K, committed 7616K, reserved 1048576K
GC Heap History (20 events):
Event: 6.358 GC heap after
{Heap after GC invocations=74 (full 6):
 PSYoungGen      total 19456K, used 4075K [0x00000000eab00000, 0x00000000ec700000, 0x0000000100000000)
  eden space 15360K, 0% used [0x00000000eab00000,0x00000000eab00000,0x00000000eba00000)
  from space 4096K, 99% used [0x00000000ebb00000,0x00000000ebefae00,0x00000000ebf00000)
  to   space 6656K, 0% used [0x00000000ec080000,0x00000000ec080000,0x00000000ec700000)
 ParOldGen       total 176640K, used 141515K [0x00000000c0000000, 0x00000000cac80000, 0x00000000eab00000)
  object space 176640K, 80% used [0x00000000c0000000,0x00000000c8a32c00,0x00000000cac80000)
 Metaspace       used 66947K, committed 68096K, reserved 1114112K
  class space    used 7067K, committed 7616K, reserved 1048576K
}
Event: 6.385 GC heap before
{Heap before GC invocations=75 (full 6):
 PSYoungGen      total 19456K, used 19435K [0x00000000eab00000, 0x00000000ec700000, 0x0000000100000000)
  eden space 15360K, 100% used [0x00000000eab00000,0x00000000eba00000,0x00000000eba00000)
  from space 4096K, 99% used [0x00000000ebb00000,0x00000000ebefae00,0x00000000ebf00000)
  to   space 6656K, 0% used [0x00000000ec080000,0x00000000ec080000,0x00000000ec700000)
 ParOldGen       total 176640K, used 141515K [0x00000000c0000000, 0x00000000cac80000, 0x00000000eab00000)
  object space 176640K, 80% used [0x00000000c0000000,0x00000000c8a32c00,0x00000000cac80000)
 Metaspace       used 66947K, committed 68096K, reserved 1114112K
  class space    used 7067K, committed 7616K, reserved 1048576K
}
Event: 6.388 GC heap after
{Heap after GC invocations=75 (full 6):
 PSYoungGen      total 19968K, used 3362K [0x00000000eab00000, 0x00000000ec400000, 0x0000000100000000)
  eden space 16384K, 0% used [0x00000000eab00000,0x00000000eab00000,0x00000000ebb00000)
  from space 3584K, 93% used [0x00000000ec080000,0x00000000ec3c8aa0,0x00000000ec400000)
  to   space 4608K, 0% used [0x00000000ebb00000,0x00000000ebb00000,0x00000000ebf80000)
 ParOldGen       total 176640K, used 145567K [0x00000000c0000000, 0x00000000cac80000, 0x00000000eab00000)
  object space 176640K, 82% used [0x00000000c0000000,0x00000000c8e27c08,0x00000000cac80000)
 Metaspace       used 66947K, committed 68096K, reserved 1114112K
  class space    used 7067K, committed 7616K, reserved 1048576K
}
Event: 6.413 GC heap before
{Heap before GC invocations=76 (full 6):
 PSYoungGen      total 19968K, used 19746K [0x00000000eab00000, 0x00000000ec400000, 0x0000000100000000)
  eden space 16384K, 100% used [0x00000000eab00000,0x00000000ebb00000,0x00000000ebb00000)
  from space 3584K, 93% used [0x00000000ec080000,0x00000000ec3c8aa0,0x00000000ec400000)
  to   space 4608K, 0% used [0x00000000ebb00000,0x00000000ebb00000,0x00000000ebf80000)
 ParOldGen       total 176640K, used 145567K [0x00000000c0000000, 0x00000000cac80000, 0x00000000eab00000)
  object space 176640K, 82% used [0x00000000c0000000,0x00000000c8e27c08,0x00000000cac80000)
 Metaspace       used 66947K, committed 68096K, reserved 1114112K
  class space    used 7067K, committed 7616K, reserved 1048576K
}
Event: 6.415 GC heap after
{Heap after GC invocations=76 (full 6):
 PSYoungGen      total 20992K, used 4589K [0x00000000eab00000, 0x00000000ecc00000, 0x0000000100000000)
  eden space 16384K, 0% used [0x00000000eab00000,0x00000000eab00000,0x00000000ebb00000)
  from space 4608K, 99% used [0x00000000ebb00000,0x00000000ebf7b518,0x00000000ebf80000)
  to   space 8192K, 0% used [0x00000000ec400000,0x00000000ec400000,0x00000000ecc00000)
 ParOldGen       total 176640K, used 148058K [0x00000000c0000000, 0x00000000cac80000, 0x00000000eab00000)
  object space 176640K, 83% used [0x00000000c0000000,0x00000000c9096be0,0x00000000cac80000)
 Metaspace       used 66947K, committed 68096K, reserved 1114112K
  class space    used 7067K, committed 7616K, reserved 1048576K
}
Event: 6.461 GC heap before
{Heap before GC invocations=77 (full 6):
 PSYoungGen      total 20992K, used 20973K [0x00000000eab00000, 0x00000000ecc00000, 0x0000000100000000)
  eden space 16384K, 100% used [0x00000000eab00000,0x00000000ebb00000,0x00000000ebb00000)
  from space 4608K, 99% used [0x00000000ebb00000,0x00000000ebf7b518,0x00000000ebf80000)
  to   space 8192K, 0% used [0x00000000ec400000,0x00000000ec400000,0x00000000ecc00000)
 ParOldGen       total 176640K, used 148058K [0x00000000c0000000, 0x00000000cac80000, 0x00000000eab00000)
  object space 176640K, 83% used [0x00000000c0000000,0x00000000c9096be0,0x00000000cac80000)
 Metaspace       used 66965K, committed 68160K, reserved 1114112K
  class space    used 7067K, committed 7616K, reserved 1048576K
}
Event: 6.464 GC heap after
{Heap after GC invocations=77 (full 6):
 PSYoungGen      total 22528K, used 5059K [0x00000000eab00000, 0x00000000ec900000, 0x0000000100000000)
  eden space 17408K, 0% used [0x00000000eab00000,0x00000000eab00000,0x00000000ebc00000)
  from space 5120K, 98% used [0x00000000ec400000,0x00000000ec8f0c18,0x00000000ec900000)
  to   space 6144K, 0% used [0x00000000ebd00000,0x00000000ebd00000,0x00000000ec300000)
 ParOldGen       total 176640K, used 152604K [0x00000000c0000000, 0x00000000cac80000, 0x00000000eab00000)
  object space 176640K, 86% used [0x00000000c0000000,0x00000000c95073f8,0x00000000cac80000)
 Metaspace       used 66965K, committed 68160K, reserved 1114112K
  class space    used 7067K, committed 7616K, reserved 1048576K
}
Event: 6.494 GC heap before
{Heap before GC invocations=78 (full 6):
 PSYoungGen      total 22528K, used 22467K [0x00000000eab00000, 0x00000000ec900000, 0x0000000100000000)
  eden space 17408K, 100% used [0x00000000eab00000,0x00000000ebc00000,0x00000000ebc00000)
  from space 5120K, 98% used [0x00000000ec400000,0x00000000ec8f0c18,0x00000000ec900000)
  to   space 6144K, 0% used [0x00000000ebd00000,0x00000000ebd00000,0x00000000ec300000)
 ParOldGen       total 176640K, used 152604K [0x00000000c0000000, 0x00000000cac80000, 0x00000000eab00000)
  object space 176640K, 86% used [0x00000000c0000000,0x00000000c95073f8,0x00000000cac80000)
 Metaspace       used 66965K, committed 68160K, reserved 1114112K
  class space    used 7067K, committed 7616K, reserved 1048576K
}
Event: 6.497 GC heap after
{Heap after GC invocations=78 (full 6):
 PSYoungGen      total 24576K, used 6112K [0x00000000eab00000, 0x00000000ed000000, 0x0000000100000000)
  eden space 18432K, 0% used [0x00000000eab00000,0x00000000eab00000,0x00000000ebd00000)
  from space 6144K, 99% used [0x00000000ebd00000,0x00000000ec2f8130,0x00000000ec300000)
  to   space 9728K, 0% used [0x00000000ec680000,0x00000000ec680000,0x00000000ed000000)
 ParOldGen       total 176640K, used 155376K [0x00000000c0000000, 0x00000000cac80000, 0x00000000eab00000)
  object space 176640K, 87% used [0x00000000c0000000,0x00000000c97bc188,0x00000000cac80000)
 Metaspace       used 66965K, committed 68160K, reserved 1114112K
  class space    used 7067K, committed 7616K, reserved 1048576K
}
Event: 6.529 GC heap before
{Heap before GC invocations=79 (full 6):
 PSYoungGen      total 24576K, used 24544K [0x00000000eab00000, 0x00000000ed000000, 0x0000000100000000)
  eden space 18432K, 100% used [0x00000000eab00000,0x00000000ebd00000,0x00000000ebd00000)
  from space 6144K, 99% used [0x00000000ebd00000,0x00000000ec2f8130,0x00000000ec300000)
  to   space 9728K, 0% used [0x00000000ec680000,0x00000000ec680000,0x00000000ed000000)
 ParOldGen       total 176640K, used 155376K [0x00000000c0000000, 0x00000000cac80000, 0x00000000eab00000)
  object space 176640K, 87% used [0x00000000c0000000,0x00000000c97bc188,0x00000000cac80000)
 Metaspace       used 66965K, committed 68160K, reserved 1114112K
  class space    used 7067K, committed 7616K, reserved 1048576K
}
Event: 6.533 GC heap after
{Heap after GC invocations=79 (full 6):
 PSYoungGen      total 24064K, used 4157K [0x00000000eab00000, 0x00000000ecb00000, 0x0000000100000000)
  eden space 19456K, 0% used [0x00000000eab00000,0x00000000eab00000,0x00000000ebe00000)
  from space 4608K, 90% used [0x00000000ec680000,0x00000000eca8f5d8,0x00000000ecb00000)
  to   space 6144K, 0% used [0x00000000ebf00000,0x00000000ebf00000,0x00000000ec500000)
 ParOldGen       total 176640K, used 161530K [0x00000000c0000000, 0x00000000cac80000, 0x00000000eab00000)
  object space 176640K, 91% used [0x00000000c0000000,0x00000000c9dbe9d8,0x00000000cac80000)
 Metaspace       used 66965K, committed 68160K, reserved 1114112K
  class space    used 7067K, committed 7616K, reserved 1048576K
}
Event: 6.565 GC heap before
{Heap before GC invocations=80 (full 6):
 PSYoungGen      total 24064K, used 23613K [0x00000000eab00000, 0x00000000ecb00000, 0x0000000100000000)
  eden space 19456K, 100% used [0x00000000eab00000,0x00000000ebe00000,0x00000000ebe00000)
  from space 4608K, 90% used [0x00000000ec680000,0x00000000eca8f5d8,0x00000000ecb00000)
  to   space 6144K, 0% used [0x00000000ebf00000,0x00000000ebf00000,0x00000000ec500000)
 ParOldGen       total 176640K, used 161530K [0x00000000c0000000, 0x00000000cac80000, 0x00000000eab00000)
  object space 176640K, 91% used [0x00000000c0000000,0x00000000c9dbe9d8,0x00000000cac80000)
 Metaspace       used 66965K, committed 68160K, reserved 1114112K
  class space    used 7067K, committed 7616K, reserved 1048576K
}
Event: 6.569 GC heap after
{Heap after GC invocations=80 (full 6):
 PSYoungGen      total 26624K, used 6116K [0x00000000eab00000, 0x00000000ed200000, 0x0000000100000000)
  eden space 20480K, 0% used [0x00000000eab00000,0x00000000eab00000,0x00000000ebf00000)
  from space 6144K, 99% used [0x00000000ebf00000,0x00000000ec4f9280,0x00000000ec500000)
  to   space 9728K, 0% used [0x00000000ec880000,0x00000000ec880000,0x00000000ed200000)
 ParOldGen       total 176640K, used 163862K [0x00000000c0000000, 0x00000000cac80000, 0x00000000eab00000)
  object space 176640K, 92% used [0x00000000c0000000,0x00000000ca0059f0,0x00000000cac80000)
 Metaspace       used 66965K, committed 68160K, reserved 1114112K
  class space    used 7067K, committed 7616K, reserved 1048576K
}
Event: 6.603 GC heap before
{Heap before GC invocations=81 (full 6):
 PSYoungGen      total 26624K, used 26596K [0x00000000eab00000, 0x00000000ed200000, 0x0000000100000000)
  eden space 20480K, 100% used [0x00000000eab00000,0x00000000ebf00000,0x00000000ebf00000)
  from space 6144K, 99% used [0x00000000ebf00000,0x00000000ec4f9280,0x00000000ec500000)
  to   space 9728K, 0% used [0x00000000ec880000,0x00000000ec880000,0x00000000ed200000)
 ParOldGen       total 176640K, used 163862K [0x00000000c0000000, 0x00000000cac80000, 0x00000000eab00000)
  object space 176640K, 92% used [0x00000000c0000000,0x00000000ca0059f0,0x00000000cac80000)
 Metaspace       used 66965K, committed 68160K, reserved 1114112K
  class space    used 7067K, committed 7616K, reserved 1048576K
}
Event: 6.607 GC heap after
{Heap after GC invocations=81 (full 6):
 PSYoungGen      total 26624K, used 4352K [0x00000000eab00000, 0x00000000ecd00000, 0x0000000100000000)
  eden space 22016K, 0% used [0x00000000eab00000,0x00000000eab00000,0x00000000ec080000)
  from space 4608K, 94% used [0x00000000ec880000,0x00000000eccc0180,0x00000000ecd00000)
  to   space 6144K, 0% used [0x00000000ec100000,0x00000000ec100000,0x00000000ec700000)
 ParOldGen       total 176640K, used 169964K [0x00000000c0000000, 0x00000000cac80000, 0x00000000eab00000)
  object space 176640K, 96% used [0x00000000c0000000,0x00000000ca5fb130,0x00000000cac80000)
 Metaspace       used 66965K, committed 68160K, reserved 1114112K
  class space    used 7067K, committed 7616K, reserved 1048576K
}
Event: 6.607 GC heap before
{Heap before GC invocations=82 (full 7):
 PSYoungGen      total 26624K, used 4352K [0x00000000eab00000, 0x00000000ecd00000, 0x0000000100000000)
  eden space 22016K, 0% used [0x00000000eab00000,0x00000000eab00000,0x00000000ec080000)
  from space 4608K, 94% used [0x00000000ec880000,0x00000000eccc0180,0x00000000ecd00000)
  to   space 6144K, 0% used [0x00000000ec100000,0x00000000ec100000,0x00000000ec700000)
 ParOldGen       total 176640K, used 169964K [0x00000000c0000000, 0x00000000cac80000, 0x00000000eab00000)
  object space 176640K, 96% used [0x00000000c0000000,0x00000000ca5fb130,0x00000000cac80000)
 Metaspace       used 66965K, committed 68160K, reserved 1114112K
  class space    used 7067K, committed 7616K, reserved 1048576K
}
Event: 6.665 GC heap after
{Heap after GC invocations=82 (full 7):
 PSYoungGen      total 28672K, used 0K [0x00000000eab00000, 0x00000000ece00000, 0x0000000100000000)
  eden space 22528K, 0% used [0x00000000eab00000,0x00000000eab00000,0x00000000ec100000)
  from space 6144K, 0% used [0x00000000ec100000,0x00000000ec100000,0x00000000ec700000)
  to   space 6144K, 0% used [0x00000000ec800000,0x00000000ec800000,0x00000000ece00000)
 ParOldGen       total 245248K, used 157236K [0x00000000c0000000, 0x00000000cef80000, 0x00000000eab00000)
  object space 245248K, 64% used [0x00000000c0000000,0x00000000c998d0e0,0x00000000cef80000)
 Metaspace       used 66965K, committed 68160K, reserved 1114112K
  class space    used 7067K, committed 7616K, reserved 1048576K
}
Event: 6.702 GC heap before
{Heap before GC invocations=83 (full 7):
 PSYoungGen      total 28672K, used 22528K [0x00000000eab00000, 0x00000000ece00000, 0x0000000100000000)
  eden space 22528K, 100% used [0x00000000eab00000,0x00000000ec100000,0x00000000ec100000)
  from space 6144K, 0% used [0x00000000ec100000,0x00000000ec100000,0x00000000ec700000)
  to   space 6144K, 0% used [0x00000000ec800000,0x00000000ec800000,0x00000000ece00000)
 ParOldGen       total 245248K, used 157236K [0x00000000c0000000, 0x00000000cef80000, 0x00000000eab00000)
  object space 245248K, 64% used [0x00000000c0000000,0x00000000c998d0e0,0x00000000cef80000)
 Metaspace       used 66965K, committed 68160K, reserved 1114112K
  class space    used 7067K, committed 7616K, reserved 1048576K
}
Event: 6.704 GC heap after
{Heap after GC invocations=83 (full 7):
 PSYoungGen      total 29184K, used 4891K [0x00000000eab00000, 0x00000000ecd00000, 0x0000000100000000)
  eden space 24064K, 0% used [0x00000000eab00000,0x00000000eab00000,0x00000000ec280000)
  from space 5120K, 95% used [0x00000000ec800000,0x00000000eccc6e00,0x00000000ecd00000)
  to   space 5120K, 0% used [0x00000000ec300000,0x00000000ec300000,0x00000000ec800000)
 ParOldGen       total 245248K, used 157236K [0x00000000c0000000, 0x00000000cef80000, 0x00000000eab00000)
  object space 245248K, 64% used [0x00000000c0000000,0x00000000c998d0e0,0x00000000cef80000)
 Metaspace       used 66965K, committed 68160K, reserved 1114112K
  class space    used 7067K, committed 7616K, reserved 1048576K
}
Event: 6.741 GC heap before
{Heap before GC invocations=84 (full 7):
 PSYoungGen      total 29184K, used 28955K [0x00000000eab00000, 0x00000000ecd00000, 0x0000000100000000)
  eden space 24064K, 100% used [0x00000000eab00000,0x00000000ec280000,0x00000000ec280000)
  from space 5120K, 95% used [0x00000000ec800000,0x00000000eccc6e00,0x00000000ecd00000)
  to   space 5120K, 0% used [0x00000000ec300000,0x00000000ec300000,0x00000000ec800000)
 ParOldGen       total 245248K, used 157236K [0x00000000c0000000, 0x00000000cef80000, 0x00000000eab00000)
  object space 245248K, 64% used [0x00000000c0000000,0x00000000c998d0e0,0x00000000cef80000)
 Metaspace       used 66965K, committed 68160K, reserved 1114112K
  class space    used 7067K, committed 7616K, reserved 1048576K
}

